<?xml version="1.0" encoding="UTF-8"?>
<testsuite name="nl.igf.blackjack.CardTest" tests="5" skipped="0" failures="0" errors="0" timestamp="2022-05-24T07:19:22" hostname="LAPTOP-RPI4S0DQ" time="0.03">
  <properties/>
  <testcase name="canGetValueOfAQueenCard()" classname="nl.igf.blackjack.CardTest" time="0.025"/>
  <testcase name="canGetValueOfAThreeCard()" classname="nl.igf.blackjack.CardTest" time="0.001"/>
  <testcase name="canGetValueOfATwoCard()" classname="nl.igf.blackjack.CardTest" time="0.0"/>
  <testcase name="canGetValueOfAnAceCard()" classname="nl.igf.blackjack.CardTest" time="0.001"/>
  <testcase name="canGetValueOfAJackCard()" classname="nl.igf.blackjack.CardTest" time="0.001"/>
  <system-out><![CDATA[]]></system-out>
  <system-err><![CDATA[]]></system-err>
</testsuite>
